2025-06-19T11:46:32.980+05:30  INFO 1604 --- [SpringBootProject1] [main] c.example.SpringBootProject1Application  : Starting SpringBootProject1Application using Java 21.0.5 with PID 1604 (D:\Mphasis_June_25\SpringBoot\SpringBootWorkspace\SpringBootProject1\SpringBootProject1\target\classes started by manji in D:\Mphasis_June_25\SpringBoot\SpringBootWorkspace\SpringBootProject1\SpringBootProject1)
2025-06-19T11:46:32.981+05:30 DEBUG 1604 --- [SpringBootProject1] [main] c.example.SpringBootProject1Application  : Running with Spring Boot v3.5.0, Spring v6.2.7
2025-06-19T11:46:32.982+05:30  INFO 1604 --- [SpringBootProject1] [main] c.example.SpringBootProject1Application  : No active profile set, falling back to 1 default profile: "default"
2025-06-19T11:46:33.535+05:30  INFO 1604 --- [SpringBootProject1] [main] o.s.b.w.embedded.tomcat.TomcatWebServer  : Tomcat initialized with port 8082 (http)
2025-06-19T11:46:33.549+05:30  INFO 1604 --- [SpringBootProject1] [main] o.apache.catalina.core.StandardService   : Starting service [Tomcat]
2025-06-19T11:46:33.550+05:30  INFO 1604 --- [SpringBootProject1] [main] o.apache.catalina.core.StandardEngine    : Starting Servlet engine: [Apache Tomcat/10.1.41]
2025-06-19T11:46:33.583+05:30  INFO 1604 --- [SpringBootProject1] [main] o.a.c.c.C.[Tomcat].[localhost].[/]       : Initializing Spring embedded WebApplicationContext
2025-06-19T11:46:33.584+05:30  INFO 1604 --- [SpringBootProject1] [main] w.s.c.ServletWebServerApplicationContext : Root WebApplicationContext: initialization completed in 573 ms
2025-06-19T11:46:33.845+05:30  INFO 1604 --- [SpringBootProject1] [main] o.s.b.w.embedded.tomcat.TomcatWebServer  : Tomcat started on port 8082 (http) with context path '/'
2025-06-19T11:46:33.851+05:30  INFO 1604 --- [SpringBootProject1] [main] c.example.SpringBootProject1Application  : Started SpringBootProject1Application in 1.189 seconds (process running for 1.614)
2025-06-19T11:46:49.597+05:30  INFO 1604 --- [SpringBootProject1] [http-nio-8082-exec-1] o.a.c.c.C.[Tomcat].[localhost].[/]       : Initializing Spring DispatcherServlet 'dispatcherServlet'
2025-06-19T11:46:49.597+05:30  INFO 1604 --- [SpringBootProject1] [http-nio-8082-exec-1] o.s.web.servlet.DispatcherServlet        : Initializing Servlet 'dispatcherServlet'
2025-06-19T11:46:49.598+05:30  INFO 1604 --- [SpringBootProject1] [http-nio-8082-exec-1] o.s.web.servlet.DispatcherServlet        : Completed initialization in 1 ms
2025-06-19T11:46:49.636+05:30  INFO 1604 --- [SpringBootProject1] [http-nio-8082-exec-1] c.example.controller.AccountController   : Getting Account by ID
2025-06-19T11:46:49.636+05:30 TRACE 1604 --- [SpringBootProject1] [http-nio-8082-exec-1] c.example.controller.AccountController   : Account id is 101
2025-06-19T11:55:03.167+05:30  INFO 1604 --- [SpringBootProject1] [RMI TCP Connection(18)-127.0.0.1] inMXBeanRegistrar$SpringApplicationAdmin : Application shutdown requested.
2025-06-19T11:55:03.169+05:30  INFO 1604 --- [SpringBootProject1] [RMI TCP Connection(18)-127.0.0.1] o.s.b.w.e.tomcat.GracefulShutdown        : Commencing graceful shutdown. Waiting for active requests to complete
2025-06-19T11:55:03.176+05:30  INFO 1604 --- [SpringBootProject1] [tomcat-shutdown] o.s.b.w.e.tomcat.GracefulShutdown        : Graceful shutdown complete
2025-06-19T12:04:09.069+05:30  INFO 22988 --- [SpringBootProject1Demo] [main] c.example.SpringBootProject1Application  : Starting SpringBootProject1Application using Java 21.0.5 with PID 22988 (D:\Mphasis_June_25\SpringBoot\SpringBootWorkspace\SpringBootProject1\SpringBootProject1\target\classes started by manji in D:\Mphasis_June_25\SpringBoot\SpringBootWorkspace\SpringBootProject1\SpringBootProject1)
2025-06-19T12:04:09.071+05:30 DEBUG 22988 --- [SpringBootProject1Demo] [main] c.example.SpringBootProject1Application  : Running with Spring Boot v3.5.0, Spring v6.2.7
2025-06-19T12:04:09.071+05:30  INFO 22988 --- [SpringBootProject1Demo] [main] c.example.SpringBootProject1Application  : No active profile set, falling back to 1 default profile: "default"
2025-06-19T12:04:09.658+05:30  INFO 22988 --- [SpringBootProject1Demo] [main] o.s.b.w.embedded.tomcat.TomcatWebServer  : Tomcat initialized with port 8082 (http)
2025-06-19T12:04:09.669+05:30  INFO 22988 --- [SpringBootProject1Demo] [main] o.apache.catalina.core.StandardService   : Starting service [Tomcat]
2025-06-19T12:04:09.669+05:30  INFO 22988 --- [SpringBootProject1Demo] [main] o.apache.catalina.core.StandardEngine    : Starting Servlet engine: [Apache Tomcat/10.1.41]
2025-06-19T12:04:09.700+05:30  INFO 22988 --- [SpringBootProject1Demo] [main] o.a.c.c.C.[Tomcat].[localhost].[/]       : Initializing Spring embedded WebApplicationContext
2025-06-19T12:04:09.701+05:30  INFO 22988 --- [SpringBootProject1Demo] [main] w.s.c.ServletWebServerApplicationContext : Root WebApplicationContext: initialization completed in 598 ms
2025-06-19T12:04:09.964+05:30  INFO 22988 --- [SpringBootProject1Demo] [main] o.s.b.w.embedded.tomcat.TomcatWebServer  : Tomcat started on port 8082 (http) with context path '/'
2025-06-19T12:04:09.970+05:30  INFO 22988 --- [SpringBootProject1Demo] [main] c.example.SpringBootProject1Application  : Started SpringBootProject1Application in 1.271 seconds (process running for 1.726)
2025-06-19T12:04:39.343+05:30  INFO 22988 --- [SpringBootProject1Demo] [http-nio-8082-exec-1] o.a.c.c.C.[Tomcat].[localhost].[/]       : Initializing Spring DispatcherServlet 'dispatcherServlet'
2025-06-19T12:04:39.343+05:30  INFO 22988 --- [SpringBootProject1Demo] [http-nio-8082-exec-1] o.s.web.servlet.DispatcherServlet        : Initializing Servlet 'dispatcherServlet'
2025-06-19T12:04:39.344+05:30  INFO 22988 --- [SpringBootProject1Demo] [http-nio-8082-exec-1] o.s.web.servlet.DispatcherServlet        : Completed initialization in 1 ms
2025-06-19T12:04:39.371+05:30  INFO 22988 --- [SpringBootProject1Demo] [http-nio-8082-exec-1] c.example.controller.AccountController   : Getting Account by ID
2025-06-19T12:04:39.373+05:30 TRACE 22988 --- [SpringBootProject1Demo] [http-nio-8082-exec-1] c.example.controller.AccountController   : Account id is 101
2025-06-19T12:12:44.015+05:30  INFO 22988 --- [SpringBootProject1Demo] [RMI TCP Connection(19)-127.0.0.1] inMXBeanRegistrar$SpringApplicationAdmin : Application shutdown requested.
2025-06-19T12:12:44.018+05:30  INFO 22988 --- [SpringBootProject1Demo] [RMI TCP Connection(19)-127.0.0.1] o.s.b.w.e.tomcat.GracefulShutdown        : Commencing graceful shutdown. Waiting for active requests to complete
2025-06-19T12:12:44.024+05:30  INFO 22988 --- [SpringBootProject1Demo] [tomcat-shutdown] o.s.b.w.e.tomcat.GracefulShutdown        : Graceful shutdown complete
